<?xml version="1.0" encoding="UTF-8"?>
<testsuite name="com.soomin.projectboarddevelop.SoominProjectBoardDevelopApplicationTests" tests="1" skipped="0" failures="0" errors="0" timestamp="2023-07-12T14:55:27" hostname="atnps-MacBook-Pro.local" time="0.002">
  <properties/>
  <testcase name="contextLoads()" classname="com.soomin.projectboarddevelop.SoominProjectBoardDevelopApplicationTests" time="0.002"/>
  <system-out><![CDATA[2023-07-12T23:55:26.317+09:00  INFO 71348 --- [    Test worker] t.c.s.AnnotationConfigContextLoaderUtils : Could not detect default configuration classes for test class [com.soomin.projectboarddevelop.SoominProjectBoardDevelopApplicationTests]: SoominProjectBoardDevelopApplicationTests does not declare any static, non-private, non-final, nested classes annotated with @Configuration.
2023-07-12T23:55:26.320+09:00  INFO 71348 --- [    Test worker] .b.t.c.SpringBootTestContextBootstrapper : Found @SpringBootConfiguration com.soomin.projectboarddevelop.SoominProjectBoardDevelopApplication for test class com.soomin.projectboarddevelop.SoominProjectBoardDevelopApplicationTests

  .   ____          _            __ _ _
 /\\ / ___'_ __ _ _(_)_ __  __ _ \ \ \ \
( ( )\___ | '_ | '_| | '_ \/ _` | \ \ \ \
 \\/  ___)| |_)| | | | | || (_| |  ) ) ) )
  '  |____| .__|_| |_|_| |_\__, | / / / /
 =========|_|==============|___/=/_/_/_/
 :: Spring Boot ::                (v3.1.1)

2023-07-12T23:55:26.355+09:00  INFO 71348 --- [    Test worker] oominProjectBoardDevelopApplicationTests : Starting SoominProjectBoardDevelopApplicationTests using Java 17.0.7 with PID 71348 (started by atnp_dev in /Users/atnp_dev/dev/SooMin_BulletinBoard/soomin-project-board-develop)
2023-07-12T23:55:26.355+09:00 DEBUG 71348 --- [    Test worker] oominProjectBoardDevelopApplicationTests : Running with Spring Boot v3.1.1, Spring v6.0.10
2023-07-12T23:55:26.355+09:00  INFO 71348 --- [    Test worker] oominProjectBoardDevelopApplicationTests : No active profile set, falling back to 1 default profile: "default"
2023-07-12T23:55:26.633+09:00  INFO 71348 --- [    Test worker] .s.d.r.c.RepositoryConfigurationDelegate : Bootstrapping Spring Data JPA repositories in DEFAULT mode.
2023-07-12T23:55:26.639+09:00  INFO 71348 --- [    Test worker] .s.d.r.c.RepositoryConfigurationDelegate : Finished Spring Data repository scanning in 4 ms. Found 2 JPA repository interfaces.
2023-07-12T23:55:26.759+09:00  INFO 71348 --- [    Test worker] o.hibernate.jpa.internal.util.LogHelper  : HHH000204: Processing PersistenceUnitInfo [name: default]
2023-07-12T23:55:26.761+09:00  INFO 71348 --- [    Test worker] o.h.b.i.BytecodeProviderInitiator        : HHH000021: Bytecode provider name : bytebuddy
2023-07-12T23:55:26.762+09:00  INFO 71348 --- [    Test worker] o.s.o.j.p.SpringPersistenceUnitInfo      : No LoadTimeWeaver setup: ignoring JPA class transformer
2023-07-12T23:55:26.762+09:00  INFO 71348 --- [    Test worker] com.zaxxer.hikari.HikariDataSource       : HikariPool-1 - Starting...
2023-07-12T23:55:26.769+09:00  INFO 71348 --- [    Test worker] com.zaxxer.hikari.pool.HikariPool        : HikariPool-1 - Added connection conn8: url=jdbc:h2:mem:testdb user=SA
2023-07-12T23:55:26.770+09:00  INFO 71348 --- [    Test worker] com.zaxxer.hikari.HikariDataSource       : HikariPool-1 - Start completed.
2023-07-12T23:55:26.780+09:00  INFO 71348 --- [    Test worker] o.h.b.i.BytecodeProviderInitiator        : HHH000021: Bytecode provider name : bytebuddy
2023-07-12T23:55:26.798+09:00  INFO 71348 --- [    Test worker] o.h.e.t.j.p.i.JtaPlatformInitiator       : HHH000490: Using JtaPlatform implementation: [org.hibernate.engine.transaction.jta.platform.internal.NoJtaPlatform]
2023-07-12T23:55:26.802+09:00  INFO 71348 --- [    Test worker] j.LocalContainerEntityManagerFactoryBean : Initialized JPA EntityManagerFactory for persistence unit 'default'
2023-07-12T23:55:26.868+09:00  WARN 71348 --- [    Test worker] JpaBaseConfiguration$JpaWebConfiguration : spring.jpa.open-in-view is enabled by default. Therefore, database queries may be performed during view rendering. Explicitly configure spring.jpa.open-in-view to disable this warning
2023-07-12T23:55:27.066+09:00 DEBUG 71348 --- [    Test worker] s.w.s.m.m.a.RequestMappingHandlerAdapter : ControllerAdvice beans: 0 @ModelAttribute, 0 @InitBinder, 1 RequestBodyAdvice, 1 ResponseBodyAdvice
2023-07-12T23:55:27.081+09:00  INFO 71348 --- [    Test worker] o.s.b.a.w.s.WelcomePageHandlerMapping    : Adding welcome page template: index
2023-07-12T23:55:27.103+09:00 DEBUG 71348 --- [    Test worker] s.w.s.m.m.a.RequestMappingHandlerMapping : 3 mappings in 'requestMappingHandlerMapping'
2023-07-12T23:55:27.115+09:00 DEBUG 71348 --- [    Test worker] o.s.w.s.handler.SimpleUrlHandlerMapping  : Patterns [/webjars/**, /**, /explorer/**] in 'resourceHandlerMapping'
2023-07-12T23:55:27.119+09:00 DEBUG 71348 --- [    Test worker] .m.m.a.ExceptionHandlerExceptionResolver : ControllerAdvice beans: 1 @ExceptionHandler, 1 ResponseBodyAdvice
2023-07-12T23:55:27.134+09:00 DEBUG 71348 --- [    Test worker] .m.m.a.ExceptionHandlerExceptionResolver : ControllerAdvice beans: 1 @ExceptionHandler, 0 ResponseBodyAdvice
2023-07-12T23:55:27.313+09:00  INFO 71348 --- [    Test worker] o.s.b.a.e.web.EndpointLinksResolver      : Exposing 13 endpoint(s) beneath base path '/actuator'
2023-07-12T23:55:27.344+09:00  INFO 71348 --- [    Test worker] oominProjectBoardDevelopApplicationTests : Started SoominProjectBoardDevelopApplicationTests in 1.008 seconds (process running for 3.943)
]]></system-out>
  <system-err><![CDATA[]]></system-err>
</testsuite>
